cyztookit/build/intermediates/manifest_merge_blame_file/release/manifest-merger-blame-release-report.txt
1<?xml version="1.0" encoding="utf-8"?>
2<manifest xmlns:android="http://schemas.android.com/apk/res/android"
3    package="com.example.android.helloactivity"
4    android:versionCode="1"
5    android:versionName="1.0" >
6
7    <uses-sdk
8        android:minSdkVersion="16"
8-->cyztookit/cyztookit/AndroidManifest.xml
9        android:targetSdkVersion="30" />
9-->cyztookit/cyztookit/AndroidManifest.xml
10
11    <uses-permission android:name="android.permission.CALL_PHONE" />
11-->cyztookit/cyztookit/AndroidManifest.xml:5:5-69
11-->cyztookit/cyztookit/AndroidManifest.xml:5:22-66
12    <uses-permission android:name="android.permission.CAMERA" />
12-->cyztookit/cyztookit/AndroidManifest.xml:6:5-65
12-->cyztookit/cyztookit/AndroidManifest.xml:6:22-62
13    <uses-permission android:name="android.permission.WRITE_EXTERNAL_STORAGE" />
13-->cyztookit/cyztookit/AndroidManifest.xml:7:5-81
13-->cyztookit/cyztookit/AndroidManifest.xml:7:22-78
14
15    <application
15-->cyztookit/cyztookit/AndroidManifest.xml:9:5-63:19
16        android:allowBackup="false"
16-->cyztookit/cyztookit/AndroidManifest.xml:10:6-33
17        android:appComponentFactory="androidx.core.app.CoreComponentFactory"
17-->[androidx.core:core:1.1.0] AndroidManifest.xml:24:18-86
18        android:icon="@drawable/logo"
18-->cyztookit/cyztookit/AndroidManifest.xml:11:9-38
19        android:label="一个后台程序"
19-->cyztookit/cyztookit/AndroidManifest.xml:12:9-31
20        android:theme="@style/AppTheme" >
20-->cyztookit/cyztookit/AndroidManifest.xml:13:9-40
21        <activity android:name="com.example.android.helloactivity.ViewPagerActivity" />
21-->cyztookit/cyztookit/AndroidManifest.xml:14:9-15:24
21-->cyztookit/cyztookit/AndroidManifest.xml:14:19-52
22        <activity android:name="com.example.android.helloactivity.CameraActivity" />
22-->cyztookit/cyztookit/AndroidManifest.xml:16:9-17:24
22-->cyztookit/cyztookit/AndroidManifest.xml:16:19-49
23        <activity android:name="com.example.android.helloactivity.LoginFormActivity" />
23-->cyztookit/cyztookit/AndroidManifest.xml:18:9-19:25
23-->cyztookit/cyztookit/AndroidManifest.xml:18:19-52
24        <activity
24-->cyztookit/cyztookit/AndroidManifest.xml:20:9-28:20
25            android:name="com.example.android.helloactivity.HelloActivity"
25-->cyztookit/cyztookit/AndroidManifest.xml:21:13-42
26            android:launchMode="singleInstance" >
26-->cyztookit/cyztookit/AndroidManifest.xml:22:13-48
27            <intent-filter>
27-->cyztookit/cyztookit/AndroidManifest.xml:23:13-27:29
28                <action android:name="android.intent.action.MAIN" />
28-->cyztookit/cyztookit/AndroidManifest.xml:24:17-69
28-->cyztookit/cyztookit/AndroidManifest.xml:24:25-66
29
30                <category android:name="android.intent.category.LAUNCHER" />
30-->cyztookit/cyztookit/AndroidManifest.xml:26:17-77
30-->cyztookit/cyztookit/AndroidManifest.xml:26:27-74
31            </intent-filter>
32        </activity>
33        <activity
33-->cyztookit/cyztookit/AndroidManifest.xml:29:9-37:20
34            android:name="com.example.android.helloactivity.SecondActivity"
34-->cyztookit/cyztookit/AndroidManifest.xml:30:13-43
35            android:launchMode="standard" >
35-->cyztookit/cyztookit/AndroidManifest.xml:31:13-42
36            <intent-filter>
36-->cyztookit/cyztookit/AndroidManifest.xml:32:13-36:29
37                <action android:name="com.topv1.START_UP" />
37-->cyztookit/cyztookit/AndroidManifest.xml:33:17-61
37-->cyztookit/cyztookit/AndroidManifest.xml:33:25-58
38
39                <category android:name="android.intent.category.DEFAULT" />
39-->cyztookit/cyztookit/AndroidManifest.xml:35:17-76
39-->cyztookit/cyztookit/AndroidManifest.xml:35:27-73
40            </intent-filter>
41        </activity>
42        <activity
42-->cyztookit/cyztookit/AndroidManifest.xml:38:9-46:20
43            android:name="com.example.android.helloactivity.DialogActivity"
43-->cyztookit/cyztookit/AndroidManifest.xml:39:13-43
44            android:theme="@android:style/Theme.Dialog" >
44-->cyztookit/cyztookit/AndroidManifest.xml:40:13-56
45            <intent-filter>
45-->cyztookit/cyztookit/AndroidManifest.xml:41:13-45:29
46                <action android:name="com.topv1.START_DIALOG" />
46-->cyztookit/cyztookit/AndroidManifest.xml:42:17-65
46-->cyztookit/cyztookit/AndroidManifest.xml:42:25-62
47
48                <category android:name="android.intent.category.DEFAULT" />
48-->cyztookit/cyztookit/AndroidManifest.xml:35:17-76
48-->cyztookit/cyztookit/AndroidManifest.xml:35:27-73
49            </intent-filter>
50        </activity>
51        <activity android:name="com.example.android.helloactivity.ThirdActivity" >
51-->cyztookit/cyztookit/AndroidManifest.xml:47:9-53:20
51-->cyztookit/cyztookit/AndroidManifest.xml:47:19-48
52            <intent-filter>
52-->cyztookit/cyztookit/AndroidManifest.xml:48:13-52:29
53                <action android:name="com.topv1.START_THIRD" />
53-->cyztookit/cyztookit/AndroidManifest.xml:49:17-64
53-->cyztookit/cyztookit/AndroidManifest.xml:49:25-61
54
55                <category android:name="android.intent.category.DEFAULT" />
55-->cyztookit/cyztookit/AndroidManifest.xml:35:17-76
55-->cyztookit/cyztookit/AndroidManifest.xml:35:27-73
56            </intent-filter>
57        </activity>
58        <activity
58-->cyztookit/cyztookit/AndroidManifest.xml:54:9-62:20
59            android:name="com.example.android.helloactivity.ForthActivity"
59-->cyztookit/cyztookit/AndroidManifest.xml:55:13-42
60            android:launchMode="singleInstance" >
60-->cyztookit/cyztookit/AndroidManifest.xml:56:13-48
61            <intent-filter>
61-->cyztookit/cyztookit/AndroidManifest.xml:57:13-61:29
62                <action android:name="com.topv1.START_FORTH" />
62-->cyztookit/cyztookit/AndroidManifest.xml:58:17-64
62-->cyztookit/cyztookit/AndroidManifest.xml:58:25-61
63
64                <category android:name="android.intent.category.DEFAULT" />
64-->cyztookit/cyztookit/AndroidManifest.xml:35:17-76
64-->cyztookit/cyztookit/AndroidManifest.xml:35:27-73
65            </intent-filter>
66        </activity>
67    </application>
68
69</manifest>